<?xml version="1.0" encoding="UTF-8"?>
<!-- Generated by org.testng.reporters.JUnitXMLReporter -->
<testsuite ignored="0" hostname="ip-172-31-33-114" failures="0" tests="5" name="Default test" time="7.372" errors="0" timestamp="2025-03-01T18:46:52 UTC">
  <testcase classname="com.simplilearn.FlyAwayAppAutomation.LoginTest" name="testLogin" time="0.663"/>
  <testcase classname="com.simplilearn.FlyAwayAppAutomation.LoginTest" name="testInvalidLogin" time="0.8"/>
  <testcase classname="com.simplilearn.FlyAwayAppAutomation.LoginTest" name="initiateBooking" time="1.16"/>
  <testcase classname="com.simplilearn.FlyAwayAppAutomation.LoginTest" name="seeBookings" time="0.372"/>
  <testcase classname="com.simplilearn.FlyAwayAppAutomation.LoginTest" name="editProfile" time="1.112"/>
</testsuite> <!-- Default test -->
