<?xml version="1.0" encoding="UTF-8"?>
<testng-results ignored="0" total="8" passed="8" failed="0" skipped="0">
  <reporter-output>
  </reporter-output>
  <suite started-at="2025-03-01T19:05:00 UTC" name="SuiteName" finished-at="2025-03-01T19:05:15 UTC" duration-ms="15365">
    <groups>
    </groups>
    <test started-at="2025-03-01T19:05:00 UTC" name="TestName" finished-at="2025-03-01T19:05:15 UTC" duration-ms="15365">
      <class name="com.simplilearn.FlyAwayAppAutomation.LoginTest">
        <test-method is-config="true" signature="setUp()[pri:0, instance:com.simplilearn.FlyAwayAppAutomation.LoginTest@449a4f23]" started-at="2025-03-01T19:05:00 UTC" name="setUp" finished-at="2025-03-01T19:05:04 UTC" duration-ms="4091" status="PASS">
          <reporter-output>
          </reporter-output>
        </test-method> <!-- setUp -->
        <test-method signature="testLogin()[pri:1, instance:com.simplilearn.FlyAwayAppAutomation.LoginTest@449a4f23]" started-at="2025-03-01T19:05:05 UTC" name="testLogin" finished-at="2025-03-01T19:05:06 UTC" duration-ms="979" status="PASS">
          <reporter-output>
          </reporter-output>
        </test-method> <!-- testLogin -->
        <test-method signature="testInvalidLogin()[pri:2, instance:com.simplilearn.FlyAwayAppAutomation.LoginTest@449a4f23]" started-at="2025-03-01T19:05:06 UTC" name="testInvalidLogin" finished-at="2025-03-01T19:05:07 UTC" duration-ms="719" status="PASS">
          <reporter-output>
          </reporter-output>
        </test-method> <!-- testInvalidLogin -->
        <test-method signature="initiateBooking()[pri:3, instance:com.simplilearn.FlyAwayAppAutomation.LoginTest@449a4f23]" started-at="2025-03-01T19:05:07 UTC" name="initiateBooking" finished-at="2025-03-01T19:05:08 UTC" duration-ms="1350" status="PASS">
          <reporter-output>
          </reporter-output>
        </test-method> <!-- initiateBooking -->
        <test-method signature="seeBookings()[pri:4, instance:com.simplilearn.FlyAwayAppAutomation.LoginTest@449a4f23]" started-at="2025-03-01T19:05:08 UTC" name="seeBookings" finished-at="2025-03-01T19:05:09 UTC" duration-ms="500" status="PASS">
          <reporter-output>
          </reporter-output>
        </test-method> <!-- seeBookings -->
        <test-method signature="editProfile()[pri:5, instance:com.simplilearn.FlyAwayAppAutomation.LoginTest@449a4f23]" started-at="2025-03-01T19:05:09 UTC" name="editProfile" finished-at="2025-03-01T19:05:10 UTC" duration-ms="1642" status="PASS">
          <reporter-output>
          </reporter-output>
        </test-method> <!-- editProfile -->
        <test-method is-config="true" signature="tearDown()[pri:0, instance:com.simplilearn.FlyAwayAppAutomation.LoginTest@449a4f23]" started-at="2025-03-01T19:05:15 UTC" name="tearDown" finished-at="2025-03-01T19:05:15 UTC" duration-ms="199" status="PASS">
          <reporter-output>
          </reporter-output>
        </test-method> <!-- tearDown -->
      </class> <!-- com.simplilearn.FlyAwayAppAutomation.LoginTest -->
      <class name="com.simplilearn.FlyAwayAppAutomation.RegisterTest">
        <test-method is-config="true" signature="setUp()[pri:0, instance:com.simplilearn.FlyAwayAppAutomation.RegisterTest@15bb5034]" started-at="2025-03-01T19:05:04 UTC" name="setUp" finished-at="2025-03-01T19:05:05 UTC" duration-ms="1520" status="PASS">
          <reporter-output>
          </reporter-output>
        </test-method> <!-- setUp -->
        <test-method signature="signUp()[pri:1, instance:com.simplilearn.FlyAwayAppAutomation.RegisterTest@15bb5034]" started-at="2025-03-01T19:05:10 UTC" name="signUp" finished-at="2025-03-01T19:05:13 UTC" duration-ms="2151" status="PASS">
          <reporter-output>
          </reporter-output>
        </test-method> <!-- signUp -->
        <test-method signature="searchFlights()[pri:2, instance:com.simplilearn.FlyAwayAppAutomation.RegisterTest@15bb5034]" started-at="2025-03-01T19:05:13 UTC" name="searchFlights" finished-at="2025-03-01T19:05:14 UTC" duration-ms="1154" status="PASS">
          <reporter-output>
          </reporter-output>
        </test-method> <!-- searchFlights -->
        <test-method signature="searchNoflights()[pri:3, instance:com.simplilearn.FlyAwayAppAutomation.RegisterTest@15bb5034]" started-at="2025-03-01T19:05:14 UTC" name="searchNoflights" finished-at="2025-03-01T19:05:15 UTC" duration-ms="748" status="PASS">
          <reporter-output>
          </reporter-output>
        </test-method> <!-- searchNoflights -->
        <test-method is-config="true" signature="tearDown()[pri:0, instance:com.simplilearn.FlyAwayAppAutomation.RegisterTest@15bb5034]" started-at="2025-03-01T19:05:15 UTC" name="tearDown" finished-at="2025-03-01T19:05:15 UTC" duration-ms="140" status="PASS">
          <reporter-output>
          </reporter-output>
        </test-method> <!-- tearDown -->
      </class> <!-- com.simplilearn.FlyAwayAppAutomation.RegisterTest -->
    </test> <!-- TestName -->
  </suite> <!-- SuiteName -->
</testng-results>
