<?xml version="1.0" encoding="UTF-8"?>
<!-- Generated by org.testng.reporters.JUnitXMLReporter -->
<testsuite ignored="0" hostname="ip-172-31-33-114" failures="0" tests="8" name="TestName" time="15.365" errors="0" timestamp="2025-03-01T19:05:15 UTC">
  <testcase classname="com.simplilearn.FlyAwayAppAutomation.LoginTest" name="testLogin" time="0.979"/>
  <testcase classname="com.simplilearn.FlyAwayAppAutomation.LoginTest" name="testInvalidLogin" time="0.719"/>
  <testcase classname="com.simplilearn.FlyAwayAppAutomation.LoginTest" name="initiateBooking" time="1.35"/>
  <testcase classname="com.simplilearn.FlyAwayAppAutomation.LoginTest" name="seeBookings" time="0.5"/>
  <testcase classname="com.simplilearn.FlyAwayAppAutomation.LoginTest" name="editProfile" time="1.642"/>
  <testcase classname="com.simplilearn.FlyAwayAppAutomation.RegisterTest" name="signUp" time="2.151"/>
  <testcase classname="com.simplilearn.FlyAwayAppAutomation.RegisterTest" name="searchFlights" time="1.154"/>
  <testcase classname="com.simplilearn.FlyAwayAppAutomation.RegisterTest" name="searchNoflights" time="0.748"/>
</testsuite> <!-- TestName -->
